f:\gra\g53gra.framework\g53gra.framework\debug\vc120.pdb
f:\gra\g53gra.framework\g53gra.framework\debug\vc120.idb
f:\gra\g53gra.framework\g53gra.framework\debug\billboard.obj
f:\gra\g53gra.framework\g53gra.framework\debug\carrun.obj
f:\gra\g53gra.framework\g53gra.framework\debug\carstop.obj
f:\gra\g53gra.framework\g53gra.framework\debug\building.obj
f:\gra\g53gra.framework\g53gra.framework\debug\main.obj
f:\gra\g53gra.framework\g53gra.framework\debug\myscene.obj
f:\gra\g53gra.framework\g53gra.framework\debug\engine.obj
f:\gra\g53gra.framework\g53gra.framework\debug\scene.obj
f:\gra\g53gra.framework\g53gra.framework\debug\camera.obj
f:\gra\g53gra.framework\g53gra.framework\debug\texture.obj
f:\gra\g53gra.framework\g53gra.framework\debug\road.obj
f:\gra\g53gra.framework\g53gra.framework\debug\trafficlight.obj
f:\gra\g53gra.framework\g53gra.framework\debug\objloader.obj
f:\gra\g53gra.framework\g53gra.framework\debug\tree.obj
f:\gra\g53gra.framework\g53gra.framework\debug\light.obj
f:\gra\g53gra.framework\debug\g53gra.framework.ilk
f:\gra\g53gra.framework\debug\g53gra.framework.exe
f:\gra\g53gra.framework\debug\g53gra.framework.pdb
f:\gra\g53gra.framework\g53gra.framework\debug\g53gra.framework.tlog\cl.command.1.tlog
f:\gra\g53gra.framework\g53gra.framework\debug\g53gra.framework.tlog\cl.read.1.tlog
f:\gra\g53gra.framework\g53gra.framework\debug\g53gra.framework.tlog\cl.write.1.tlog
f:\gra\g53gra.framework\g53gra.framework\debug\g53gra.framework.tlog\link.command.1.tlog
f:\gra\g53gra.framework\g53gra.framework\debug\g53gra.framework.tlog\link.read.1.tlog
f:\gra\g53gra.framework\g53gra.framework\debug\g53gra.framework.tlog\link.write.1.tlog
